0 silly argv {
0 silly argv   _: [ 'add' ],
0 silly argv   scope: '@wisewe-framework-v4/utils',
0 silly argv   globs: [],
0 silly argv   lernaVersion: '4.0.0',
0 silly argv   '$0': 'C:\\Users\\lenovo\\AppData\\Roaming\\npm\\node_modules\\lerna\\cli.js',
0 silly argv   pkg: '@wisewe-framework-v4/typing'
0 silly argv }
1 notice cli v4.0.0
2 verbose rootPath E:\wp-evolution\wisewe-framework-v4@repo
3 info versioning independent
4 error JSONError: Unexpected token "}" (0x7D) in JSON at position 808 while parsing near "...^0.0.1-apache.1\",\n  }\n}\n" in packages\utils\package.json
4 error
4 error [0m [90m 32 |[39m     [32m"@wisewe-framework-v4/enums"[39m[33m:[39m [32m"^0.0.1-apache.1"[39m[33m,[39m[0m
4 error [0m [90m 33 |[39m     [32m"@wisewe-framework-v4/typing"[39m[33m:[39m [32m"^0.0.1-apache.1"[39m[33m,[39m[0m
4 error [0m[31m[1m>[22m[39m[90m 34 |[39m   }[0m
4 error [0m [90m    |[39m   [31m[1m^[22m[39m[0m
4 error [0m [90m 35 |[39m }[0m
4 error [0m [90m 36 |[39m[0m
4 error
4 error     at parseJson (C:\Users\lenovo\AppData\Roaming\npm\node_modules\lerna\node_modules\parse-json\index.js:29:21)
4 error     at parse (C:\Users\lenovo\AppData\Roaming\npm\node_modules\lerna\node_modules\load-json-file\index.js:15:9)
4 error     at module.exports (C:\Users\lenovo\AppData\Roaming\npm\node_modules\lerna\node_modules\load-json-file\index.js:18:47)
